TN:
SF:src/add.js
FN:17,(anonymous_0)
FNF:1
FNH:1
FNDA:3,(anonymous_0)
DA:17,3
LF:1
LH:1
BRF:0
BRH:0
end_of_record
TN:
SF:src/at.js
FN:19,(anonymous_0)
FNF:1
FNH:1
FNDA:3,(anonymous_0)
DA:19,3
LF:1
LH:1
BRF:0
BRH:0
end_of_record
TN:
SF:src/camelCase.js
FN:24,(anonymous_0)
FN:25,(anonymous_1)
FNF:2
FNH:2
FNDA:2,(anonymous_0)
FNDA:3,(anonymous_1)
DA:24,1
DA:25,2
DA:26,3
DA:27,3
LF:4
LH:4
BRDA:27,0,0,1
BRDA:27,0,1,2
BRF:2
BRH:2
end_of_record
TN:
SF:src/capitalize.js
FN:17,(anonymous_0)
FNF:1
FNH:1
FNDA:3,(anonymous_0)
DA:17,3
LF:1
LH:1
BRF:0
BRH:0
end_of_record
TN:
SF:src/castArray.js
FN:33,castArray
FNF:1
FNH:1
FNDA:4,castArray
DA:34,4
DA:35,4
LF:2
LH:2
BRDA:35,0,0,0
BRDA:35,0,1,4
BRF:2
BRH:1
end_of_record
TN:
SF:src/ceil.js
FNF:0
FNH:0
DA:22,1
LF:1
LH:1
BRF:0
BRH:0
end_of_record
TN:
SF:src/chunk.js
FN:22,chunk
FNF:1
FNH:1
FNDA:3,chunk
DA:23,3
DA:24,3
DA:25,3
DA:26,0
DA:28,3
DA:29,3
DA:30,3
DA:32,3
DA:33,8
DA:35,3
LF:10
LH:9
BRDA:22,0,0,1
BRDA:24,1,0,0
BRDA:24,1,1,3
BRDA:25,2,0,0
BRDA:25,2,1,3
BRDA:25,3,0,3
BRDA:25,3,1,3
BRF:7
BRH:5
end_of_record
TN:
SF:src/clamp.js
FN:18,clamp
FNF:1
FNH:1
FNDA:4,clamp
DA:19,4
DA:20,4
DA:21,4
DA:22,4
DA:23,4
DA:24,4
DA:25,4
DA:26,4
DA:28,4
LF:9
LH:9
BRDA:22,0,0,3
BRDA:22,0,1,1
BRDA:23,1,0,3
BRDA:23,1,1,1
BRDA:24,2,0,4
BRDA:24,2,1,0
BRDA:25,3,0,1
BRDA:25,3,1,3
BRDA:26,4,0,1
BRDA:26,4,1,3
BRF:10
BRH:9
end_of_record
TN:
SF:src/compact.js
FN:14,compact
FNF:1
FNH:0
FNDA:0,compact
DA:15,0
DA:16,0
DA:18,0
DA:19,0
DA:21,0
DA:24,0
LF:6
LH:0
BRDA:19,0,0,0
BRDA:19,0,1,0
BRF:2
BRH:0
end_of_record
TN:
SF:src/compact_test.js
FN:7,(anonymous_0)
FN:8,(anonymous_1)
FN:12,(anonymous_2)
FNF:3
FNH:0
FNDA:0,(anonymous_0)
FNDA:0,(anonymous_1)
FNDA:0,(anonymous_2)
DA:2,0
DA:3,0
DA:7,0
DA:8,0
DA:9,0
DA:10,0
DA:12,0
DA:13,0
DA:14,0
LF:9
LH:0
BRF:0
BRH:0
end_of_record
TN:
SF:src/countBy.js
FN:29,countBy
FN:30,(anonymous_1)
FNF:2
FNH:2
FNDA:2,countBy
FNDA:6,(anonymous_1)
DA:5,1
DA:30,2
DA:31,6
DA:32,6
DA:33,3
DA:35,3
DA:37,6
LF:7
LH:7
BRDA:32,0,0,3
BRDA:32,0,1,3
BRF:2
BRH:2
end_of_record
TN:
SF:src/defaultTo.js
FN:19,defaultTo
FNF:1
FNH:1
FNDA:10,defaultTo
DA:20,10
LF:1
LH:1
BRDA:20,0,0,6
BRDA:20,0,1,4
BRF:2
BRH:2
end_of_record
TN:
SF:src/defaultToAny.js
FN:28,defaultToAny
FNF:1
FNH:1
FNDA:4,defaultToAny
DA:29,4
LF:1
LH:1
BRF:0
BRH:0
end_of_record
TN:
SF:src/difference.js
FN:24,difference
FNF:1
FNH:1
FNDA:2,difference
DA:25,2
LF:1
LH:1
BRDA:25,0,0,2
BRDA:25,0,1,0
BRF:2
BRH:1
end_of_record
TN:
SF:src/divide.js
FN:16,(anonymous_0)
FNF:1
FNH:0
FNDA:0,(anonymous_0)
DA:16,0
LF:1
LH:0
BRF:0
BRH:0
end_of_record
TN:
SF:src/divide_test.js
FN:8,(anonymous_0)
FN:9,(anonymous_1)
FN:14,(anonymous_2)
FN:19,(anonymous_3)
FN:24,(anonymous_4)
FNF:5
FNH:0
FNDA:0,(anonymous_0)
FNDA:0,(anonymous_1)
FNDA:0,(anonymous_2)
FNDA:0,(anonymous_3)
FNDA:0,(anonymous_4)
DA:2,0
DA:3,0
DA:8,0
DA:9,0
DA:10,0
DA:12,0
DA:14,0
DA:15,0
DA:16,0
DA:19,0
DA:20,0
DA:21,0
DA:24,0
DA:25,0
DA:26,0
DA:27,0
DA:29,0
LF:17
LH:0
BRF:0
BRH:0
end_of_record
TN:
SF:src/drop.js
FN:26,drop
FNF:1
FNH:1
FNDA:3,drop
DA:27,3
DA:28,3
LF:2
LH:2
BRDA:26,0,0,1
BRDA:27,1,0,0
BRDA:27,1,1,3
BRDA:28,2,0,3
BRDA:28,2,1,0
BRDA:29,3,0,0
BRDA:29,3,1,3
BRF:7
BRH:4
end_of_record
TN:
SF:src/endsWith.js
FN:23,endsWith
FNF:1
FNH:1
FNDA:3,endsWith
DA:24,3
DA:25,3
DA:26,3
DA:27,0
DA:29,3
DA:30,0
DA:32,3
DA:33,3
DA:34,3
LF:9
LH:7
BRDA:25,0,0,2
BRDA:25,0,1,1
BRDA:26,1,0,0
BRDA:26,1,1,3
BRDA:26,2,0,3
BRDA:26,2,1,3
BRDA:29,3,0,0
BRDA:29,3,1,3
BRDA:34,4,0,3
BRDA:34,4,1,3
BRF:10
BRH:8
end_of_record
TN:
SF:src/eq.js
FN:31,eq
FNF:1
FNH:1
FNDA:3,eq
DA:32,3
LF:1
LH:1
BRDA:32,0,0,3
BRDA:32,0,1,1
BRDA:32,0,2,0
BRF:3
BRH:2
end_of_record
TN:
SF:src/every.js
FN:22,every
FNF:1
FNH:1
FNDA:3,every
DA:23,3
DA:24,3
DA:26,3
DA:27,7
DA:28,1
DA:31,2
LF:6
LH:6
BRDA:24,0,0,0
BRDA:24,0,1,3
BRDA:27,1,0,1
BRDA:27,1,1,6
BRF:4
BRH:3
end_of_record
TN:
SF:src/filter.js
FN:24,filter
FNF:1
FNH:1
FNDA:2,filter
DA:25,2
DA:26,2
DA:27,2
DA:28,2
DA:30,2
DA:31,4
DA:32,4
DA:33,2
DA:36,2
LF:9
LH:9
BRDA:27,0,0,0
BRDA:27,0,1,2
BRDA:32,1,0,2
BRDA:32,1,1,2
BRF:4
BRH:3
end_of_record
TN:
SF:src/get.js
FN:27,get
FNF:1
FNH:1
FNDA:8,get
DA:28,8
DA:29,8
LF:2
LH:2
BRDA:28,0,0,0
BRDA:28,0,1,8
BRDA:29,1,0,3
BRDA:29,1,1,5
BRF:4
BRH:3
end_of_record
TN:
SF:src/isArguments.js
FN:19,isArguments
FNF:1
FNH:1
FNDA:3,isArguments
DA:20,3
LF:1
LH:1
BRDA:20,0,0,3
BRDA:20,0,1,2
BRF:2
BRH:2
end_of_record
TN:
SF:src/isArrayLike.js
FN:26,isArrayLike
FNF:1
FNH:1
FNDA:17,isArrayLike
DA:27,17
LF:1
LH:1
BRDA:27,0,0,17
BRDA:27,0,1,16
BRDA:27,0,2,16
BRF:3
BRH:3
end_of_record
TN:
SF:src/isArrayLikeObject.js
FN:27,isArrayLikeObject
FNF:1
FNH:1
FNDA:7,isArrayLikeObject
DA:28,7
LF:1
LH:1
BRDA:28,0,0,7
BRDA:28,0,1,5
BRF:2
BRH:2
end_of_record
TN:
SF:src/isBoolean.js
FN:19,isBoolean
FNF:1
FNH:1
FNDA:3,isBoolean
DA:20,3
LF:1
LH:1
BRDA:20,0,0,3
BRDA:20,0,1,2
BRDA:20,0,2,1
BRDA:20,0,3,0
BRF:4
BRH:3
end_of_record
TN:
SF:src/isBuffer.js
FN:33,(anonymous_0)
FNF:1
FNH:0
FNDA:0,(anonymous_0)
DA:4,4
DA:7,4
DA:10,4
DA:13,4
DA:16,4
DA:33,4
LF:6
LH:6
BRDA:4,0,0,4
BRDA:4,0,1,4
BRDA:4,0,2,4
BRDA:4,0,3,4
BRDA:7,1,0,4
BRDA:7,1,1,4
BRDA:7,1,2,4
BRDA:7,1,3,4
BRDA:7,1,4,4
BRDA:10,2,0,4
BRDA:10,2,1,4
BRDA:13,3,0,4
BRDA:13,3,1,0
BRDA:16,4,0,4
BRDA:16,4,1,0
BRDA:33,5,0,4
BRDA:33,5,1,0
BRF:17
BRH:14
end_of_record
TN:
SF:src/isBuffer_test.js
FN:8,(anonymous_0)
FN:9,(anonymous_1)
FN:13,(anonymous_2)
FNF:3
FNH:0
FNDA:0,(anonymous_0)
FNDA:0,(anonymous_1)
FNDA:0,(anonymous_2)
DA:3,0
DA:4,0
DA:5,0
DA:8,0
DA:9,0
DA:10,0
DA:11,0
DA:13,0
DA:14,0
DA:15,0
LF:10
LH:0
BRF:0
BRH:0
end_of_record
TN:
SF:src/isDate.js
FN:24,(anonymous_0)
FN:25,(anonymous_1)
FNF:2
FNH:1
FNDA:2,(anonymous_0)
FNDA:0,(anonymous_1)
DA:6,1
DA:23,1
DA:24,2
DA:25,0
LF:4
LH:3
BRDA:6,0,0,1
BRDA:6,0,1,1
BRDA:23,1,0,1
BRDA:23,1,1,0
BRDA:25,2,0,0
BRDA:25,2,1,0
BRF:6
BRH:3
end_of_record
TN:
SF:src/isEmpty.js
FN:45,isEmpty
FNF:1
FNH:1
FNDA:6,isEmpty
DA:9,1
DA:46,6
DA:47,1
DA:49,5
DA:52,2
DA:54,3
DA:55,3
DA:56,0
DA:58,3
DA:59,0
DA:61,3
DA:62,1
DA:63,1
DA:66,2
LF:14
LH:12
BRDA:46,0,0,1
BRDA:46,0,1,5
BRDA:49,1,0,2
BRDA:49,1,1,3
BRDA:49,2,0,5
BRDA:49,2,1,2
BRDA:49,2,2,1
BRDA:49,2,3,0
BRDA:49,2,4,0
BRDA:49,2,5,0
BRDA:49,2,6,0
BRDA:55,3,0,0
BRDA:55,3,1,3
BRDA:55,4,0,3
BRDA:55,4,1,3
BRDA:58,5,0,0
BRDA:58,5,1,3
BRDA:62,6,0,1
BRDA:62,6,1,0
BRF:19
BRH:12
end_of_record
TN:
SF:src/isLength.js
FN:28,isLength
FNF:1
FNH:1
FNDA:20,isLength
DA:2,8
DA:29,20
LF:2
LH:2
BRDA:29,0,0,20
BRDA:29,0,1,12
BRDA:29,0,2,12
BRDA:29,0,3,10
BRF:4
BRH:4
end_of_record
TN:
SF:src/isObject.js
FN:24,isObject
FNF:1
FNH:1
FNDA:7,isObject
DA:25,7
DA:26,7
LF:2
LH:2
BRDA:26,0,0,7
BRDA:26,0,1,6
BRDA:26,0,2,4
BRF:3
BRH:3
end_of_record
TN:
SF:src/isObjectLike.js
FN:23,isObjectLike
FNF:1
FNH:1
FNDA:15,isObjectLike
DA:24,15
LF:1
LH:1
BRDA:24,0,0,15
BRDA:24,0,1,11
BRF:2
BRH:2
end_of_record
TN:
SF:src/isSymbol.js
FN:18,isSymbol
FNF:1
FNH:1
FNDA:20,isSymbol
DA:19,20
DA:20,20
LF:2
LH:2
BRDA:20,0,0,20
BRDA:20,0,1,19
BRDA:20,0,2,1
BRDA:20,0,3,0
BRF:4
BRH:3
end_of_record
TN:
SF:src/isTypedArray.js
FN:27,(anonymous_0)
FN:28,(anonymous_1)
FNF:2
FNH:1
FNDA:3,(anonymous_0)
FNDA:0,(anonymous_1)
DA:6,5
DA:9,5
DA:26,5
DA:27,3
DA:28,0
LF:5
LH:4
BRDA:9,0,0,5
BRDA:9,0,1,5
BRDA:26,1,0,5
BRDA:26,1,1,0
BRDA:28,2,0,0
BRDA:28,2,1,0
BRF:6
BRH:3
end_of_record
TN:
SF:src/keys.js
FN:31,keys
FNF:1
FNH:1
FNDA:3,keys
DA:32,3
LF:1
LH:1
BRDA:32,0,0,1
BRDA:32,0,1,2
BRF:2
BRH:2
end_of_record
TN:
SF:src/map.js
FN:19,map
FNF:1
FNH:1
FNDA:1,map
DA:20,1
DA:21,1
DA:22,1
DA:24,1
DA:25,2
DA:27,1
LF:6
LH:6
BRDA:21,0,0,0
BRDA:21,0,1,1
BRF:2
BRH:1
end_of_record
TN:
SF:src/memoize.js
FN:43,memoize
FN:47,(anonymous_1)
FNF:2
FNH:2
FNDA:2,memoize
FNDA:7,(anonymous_1)
DA:44,2
DA:45,0
DA:47,2
DA:48,7
DA:49,7
DA:51,7
DA:52,2
DA:54,5
DA:55,5
DA:56,5
DA:58,2
DA:59,2
DA:62,2
LF:13
LH:12
BRDA:44,0,0,0
BRDA:44,0,1,2
BRDA:44,1,0,2
BRDA:44,1,1,2
BRDA:44,1,2,2
BRDA:48,2,0,7
BRDA:48,2,1,0
BRDA:51,3,0,2
BRDA:51,3,1,5
BRDA:55,4,0,5
BRDA:55,4,1,0
BRDA:58,5,0,2
BRDA:58,5,1,0
BRF:13
BRH:9
end_of_record
TN:
SF:src/memoize_test.js
FN:9,(anonymous_0)
FNF:1
FNH:0
FNDA:0,(anonymous_0)
DA:3,0
DA:4,0
DA:6,0
DA:7,0
DA:9,0
LF:5
LH:0
BRF:0
BRH:0
end_of_record
TN:
SF:src/reduce.js
FN:38,reduce
FNF:1
FNH:1
FNDA:4,reduce
DA:39,4
DA:40,4
DA:41,4
LF:3
LH:3
BRDA:39,0,0,3
BRDA:39,0,1,1
BRF:2
BRH:2
end_of_record
TN:
SF:src/slice.js
FN:21,slice
FNF:1
FNH:1
FNDA:13,slice
DA:22,13
DA:23,13
DA:24,0
DA:26,13
DA:27,13
DA:29,13
DA:30,0
DA:32,13
DA:33,0
DA:35,13
DA:36,13
DA:38,13
DA:39,13
DA:40,13
DA:41,20
DA:43,13
LF:16
LH:13
BRDA:22,0,0,0
BRDA:22,0,1,13
BRDA:23,1,0,0
BRDA:23,1,1,13
BRDA:26,2,0,0
BRDA:26,2,1,13
BRDA:27,3,0,1
BRDA:27,3,1,12
BRDA:29,4,0,0
BRDA:29,4,1,13
BRDA:30,5,0,0
BRDA:30,5,1,0
BRDA:32,6,0,0
BRDA:32,6,1,13
BRDA:35,7,0,1
BRDA:35,7,1,12
BRF:16
BRH:9
end_of_record
TN:
SF:src/toFinite.js
FN:28,toFinite
FNF:1
FNH:1
FNDA:13,toFinite
DA:4,4
DA:5,4
DA:29,13
DA:30,0
DA:32,13
DA:33,13
DA:34,1
DA:35,1
DA:37,12
LF:9
LH:8
BRDA:29,0,0,0
BRDA:29,0,1,13
BRDA:30,1,0,0
BRDA:30,1,1,0
BRDA:33,2,0,1
BRDA:33,2,1,12
BRDA:33,3,0,13
BRDA:33,3,1,12
BRDA:34,4,0,0
BRDA:34,4,1,1
BRDA:37,5,0,12
BRDA:37,5,1,0
BRF:12
BRH:7
end_of_record
TN:
SF:src/toInteger.js
FN:28,toInteger
FNF:1
FNH:1
FNDA:9,toInteger
DA:29,9
DA:30,9
DA:32,9
LF:3
LH:3
BRDA:32,0,0,3
BRDA:32,0,1,6
BRF:2
BRH:2
end_of_record
TN:
SF:src/toNumber.js
FN:44,toNumber
FNF:1
FNH:1
FNDA:17,toNumber
DA:5,5
DA:8,5
DA:11,5
DA:14,5
DA:17,5
DA:20,5
DA:45,17
DA:46,14
DA:48,3
DA:49,0
DA:51,3
DA:52,0
DA:53,0
DA:55,3
DA:56,0
DA:58,3
DA:59,3
DA:60,3
LF:18
LH:14
BRDA:45,0,0,14
BRDA:45,0,1,3
BRDA:48,1,0,0
BRDA:48,1,1,3
BRDA:51,2,0,0
BRDA:51,2,1,3
BRDA:52,3,0,0
BRDA:52,3,1,0
BRDA:53,4,0,0
BRDA:53,4,1,0
BRDA:55,5,0,0
BRDA:55,5,1,3
BRDA:56,6,0,0
BRDA:56,6,1,0
BRDA:60,7,0,0
BRDA:60,7,1,3
BRDA:60,8,0,3
BRDA:60,8,1,3
BRDA:61,9,0,0
BRDA:61,9,1,0
BRDA:62,10,0,0
BRDA:62,10,1,3
BRF:22
BRH:9
end_of_record
TN:
SF:src/toString.js
FN:25,toString
FN:33,(anonymous_1)
FNF:2
FNH:2
FNDA:11,toString
FNDA:3,(anonymous_1)
DA:4,3
DA:28,11
DA:29,3
DA:31,8
DA:33,3
DA:35,7
DA:36,0
DA:38,7
DA:39,7
LF:9
LH:8
BRDA:28,0,0,3
BRDA:28,0,1,8
BRDA:31,1,0,1
BRDA:31,1,1,7
BRDA:33,2,0,0
BRDA:33,2,1,3
BRDA:35,3,0,0
BRDA:35,3,1,7
BRDA:39,4,0,1
BRDA:39,4,1,6
BRDA:39,5,0,7
BRDA:39,5,1,1
BRF:12
BRH:10
end_of_record
TN:
SF:src/upperFirst.js
FNF:0
FNH:0
DA:19,3
LF:1
LH:1
BRF:0
BRH:0
end_of_record
TN:
SF:src/words.js
FN:10,asciiWords
FN:30,words
FNF:2
FNH:2
FNDA:1,asciiWords
FNDA:4,words
DA:3,2
DA:8,2
DA:11,1
DA:31,4
DA:32,3
DA:33,3
DA:35,1
LF:7
LH:7
BRDA:31,0,0,3
BRDA:31,0,1,1
BRDA:32,1,0,2
BRDA:32,1,1,1
BRDA:33,2,0,3
BRDA:33,2,1,0
BRDA:35,3,0,1
BRDA:35,3,1,0
BRF:8
BRH:6
end_of_record
